# Logfile created on Tue Sep 01 09:21:40 +0200 2009REQUESTING PAGE: GET /testcases/new with {} and HTTP headers {}


Processing TestcasesController#new (for 127.0.0.1 at 2009-09-01 10:07:14) [GET]
Rendering testcases/new
Completed in 326ms (View: 255, DB: 0) | 200 OK [http://www.example.com/testcases/new]
REQUESTING PAGE: GET /testcases/new with {} and HTTP headers {}


Processing TestcasesController#new (for 127.0.0.1 at 2009-09-01 10:09:59) [GET]
Rendering testcases/new
Completed in 61ms (View: 55, DB: 0) | 200 OK [http://www.example.com/testcases/new]
REQUESTING PAGE: GET /testcases/new with {} and HTTP headers {}


Processing TestcasesController#new (for 127.0.0.1 at 2009-09-01 10:10:43) [GET]
Rendering testcases/new
Completed in 53ms (View: 26, DB: 0) | 200 OK [http://www.example.com/testcases/new]
REQUESTING PAGE: POST /testcases with {"commit"=>"Create", "testcase"=>{"title"=>"My first Testcase"}} and HTTP headers {"HTTP_REFERER"=>"/testcases/new"}


Processing TestcasesController#create (for 127.0.0.1 at 2009-09-01 10:10:43) [POST]
  Parameters: {"commit"=>"Create", "testcase"=>{"title"=>"My first Testcase"}}
  [4;36;1mTestcase Create (0.5ms)[0m   [0;1mINSERT INTO "testcases" ("created_at", "title", "updated_at") VALUES('2009-09-01 08:10:43', 'My first Testcase', '2009-09-01 08:10:43')[0m
Redirected to http://www.example.com/testcases/1
Completed in 78ms (DB: 0) | 302 Found [http://www.example.com/testcases]
REQUESTING PAGE: GET http://www.example.com/testcases/1 with {} and HTTP headers {"HTTP_REFERER"=>"/testcases"}


Processing TestcasesController#show (for 127.0.0.1 at 2009-09-01 10:10:43) [GET]
  Parameters: {"id"=>"1"}
  [4;35;1mTestcase Load (0.3ms)[0m   [0mSELECT * FROM "testcases" WHERE ("testcases"."id" = 1) [0m
Rendering testcases/show
Completed in 4ms (View: 2, DB: 0) | 200 OK [http://www.example.com/testcases/1]
REQUESTING PAGE: GET /testcases/new with {} and HTTP headers {}


Processing TestcasesController#new (for 127.0.0.1 at 2009-09-01 10:20:19) [GET]
Rendering testcases/new
Completed in 57ms (View: 50, DB: 0) | 200 OK [http://www.example.com/testcases/new]
REQUESTING PAGE: POST /testcases with {"commit"=>"Create", "testcase"=>{"title"=>"My first Testcase"}} and HTTP headers {"HTTP_REFERER"=>"/testcases/new"}


Processing TestcasesController#create (for 127.0.0.1 at 2009-09-01 10:20:19) [POST]
  Parameters: {"commit"=>"Create", "testcase"=>{"title"=>"My first Testcase"}}
  [4;36;1mTestcase Create (0.4ms)[0m   [0;1mINSERT INTO "testcases" ("created_at", "title", "updated_at") VALUES('2009-09-01 08:20:19', 'My first Testcase', '2009-09-01 08:20:19')[0m
Redirected to http://www.example.com/testcases/1
Completed in 8ms (DB: 0) | 302 Found [http://www.example.com/testcases]
REQUESTING PAGE: GET http://www.example.com/testcases/1 with {} and HTTP headers {"HTTP_REFERER"=>"/testcases"}


Processing TestcasesController#show (for 127.0.0.1 at 2009-09-01 10:20:19) [GET]
  Parameters: {"id"=>"1"}
  [4;35;1mTestcase Load (0.7ms)[0m   [0mSELECT * FROM "testcases" WHERE ("testcases"."id" = 1) [0m
Rendering testcases/show
Completed in 5ms (View: 3, DB: 1) | 200 OK [http://www.example.com/testcases/1]
REQUESTING PAGE: GET /testcases/new with {} and HTTP headers {}


Processing TestcasesController#new (for 127.0.0.1 at 2009-09-01 10:22:53) [GET]
Rendering testcases/new
Completed in 69ms (View: 31, DB: 0) | 200 OK [http://www.example.com/testcases/new]
REQUESTING PAGE: POST /testcases with {"commit"=>"Create", "testcase"=>{"title"=>"My first Testcase"}} and HTTP headers {"HTTP_REFERER"=>"/testcases/new"}


Processing TestcasesController#create (for 127.0.0.1 at 2009-09-01 10:22:54) [POST]
  Parameters: {"commit"=>"Create", "testcase"=>{"title"=>"My first Testcase"}}
  [4;36;1mTestcase Create (0.5ms)[0m   [0;1mINSERT INTO "testcases" ("created_at", "title", "updated_at") VALUES('2009-09-01 08:22:54', 'My first Testcase', '2009-09-01 08:22:54')[0m
Redirected to http://www.example.com/testcases/1
Completed in 11ms (DB: 0) | 302 Found [http://www.example.com/testcases]
REQUESTING PAGE: GET http://www.example.com/testcases/1 with {} and HTTP headers {"HTTP_REFERER"=>"/testcases"}


Processing TestcasesController#show (for 127.0.0.1 at 2009-09-01 10:22:54) [GET]
  Parameters: {"id"=>"1"}
  [4;35;1mTestcase Load (0.4ms)[0m   [0mSELECT * FROM "testcases" WHERE ("testcases"."id" = 1) [0m
Rendering testcases/show
Completed in 4ms (View: 2, DB: 0) | 200 OK [http://www.example.com/testcases/1]
REQUESTING PAGE: GET /testcases/new with {} and HTTP headers {}


Processing TestcasesController#new (for 127.0.0.1 at 2009-09-01 10:35:03) [GET]
Rendering testcases/new
Completed in 97ms (View: 59, DB: 0) | 200 OK [http://www.example.com/testcases/new]
REQUESTING PAGE: POST /testcases with {"commit"=>"Create", "testcase"=>{"title"=>"My first Testcase"}} and HTTP headers {"HTTP_REFERER"=>"/testcases/new"}


Processing TestcasesController#create (for 127.0.0.1 at 2009-09-01 10:35:03) [POST]
  Parameters: {"commit"=>"Create", "testcase"=>{"title"=>"My first Testcase"}}
  [4;36;1mTestcase Create (0.9ms)[0m   [0;1mINSERT INTO "testcases" ("created_at", "title", "updated_at") VALUES('2009-09-01 08:35:03', 'My first Testcase', '2009-09-01 08:35:03')[0m
Redirected to http://www.example.com/testcases
Completed in 8ms (DB: 1) | 302 Found [http://www.example.com/testcases]
REQUESTING PAGE: GET http://www.example.com/testcases with {} and HTTP headers {"HTTP_REFERER"=>"/testcases"}


Processing TestcasesController#index (for 127.0.0.1 at 2009-09-01 10:35:03) [GET]
  [4;35;1mTestcase Load (0.3ms)[0m   [0mSELECT * FROM "testcases" [0m
Rendering testcases/index
Completed in 30ms (View: 29, DB: 0) | 200 OK [http://www.example.com/testcases]
REQUESTING PAGE: GET /testcases/new with {} and HTTP headers {}


Processing TestcasesController#new (for 127.0.0.1 at 2009-09-01 10:41:50) [GET]
Rendering testcases/new
Completed in 66ms (View: 60, DB: 0) | 200 OK [http://www.example.com/testcases/new]
REQUESTING PAGE: POST /testcases with {"commit"=>"Create", "testcase"=>{"title"=>"My first Testcase"}} and HTTP headers {"HTTP_REFERER"=>"/testcases/new"}


Processing TestcasesController#create (for 127.0.0.1 at 2009-09-01 10:41:50) [POST]
  Parameters: {"commit"=>"Create", "testcase"=>{"title"=>"My first Testcase"}}
  [4;36;1mTestcase Create (11.2ms)[0m   [0;1mINSERT INTO "testcases" ("created_at", "title", "updated_at") VALUES('2009-09-01 08:41:50', 'My first Testcase', '2009-09-01 08:41:50')[0m
Redirected to http://www.example.com/testcases
Completed in 17ms (DB: 11) | 302 Found [http://www.example.com/testcases]
REQUESTING PAGE: GET http://www.example.com/testcases with {} and HTTP headers {"HTTP_REFERER"=>"/testcases"}


Processing TestcasesController#index (for 127.0.0.1 at 2009-09-01 10:41:50) [GET]
  [4;35;1mTestcase Load (0.3ms)[0m   [0mSELECT * FROM "testcases" [0m
Rendering testcases/index
Completed in 19ms (View: 6, DB: 0) | 200 OK [http://www.example.com/testcases]
